\BOOKMARK [1][-]{section.1}{\376\377\000P\000e\000n\000d\000a\000h\000u\000l\000u\000a\000n}{}% 1
\BOOKMARK [1][-]{section.2}{\376\377\000M\000e\000t\000o\000d\000o\000l\000o\000g\000i}{}% 2
\BOOKMARK [2][-]{subsection.2.1}{\376\377\000B\000a\000s\000i\000s\000\040\000P\000r\000o\000b\000a\000b\000i\000l\000i\000t\000a\000s\000\040\000P\000e\000r\000s\000i\000m\000p\000a\000n\000g\000a\000n}{section.2}% 3
\BOOKMARK [2][-]{subsection.2.2}{\376\377\000P\000e\000n\000y\000i\000m\000p\000a\000n\000a\000n\000\040\000D\000a\000t\000a\000b\000a\000s\000e\000\040\000P\000r\000o\000b\000a\000b\000i\000l\000i\000t\000a\000s}{section.2}% 4
\BOOKMARK [2][-]{subsection.2.3}{\376\377\000C\000o\000n\000t\000o\000h\000\040\000P\000e\000r\000h\000i\000t\000u\000n\000g\000a\000n\000\040\000\050\000P\000e\000m\000b\000u\000a\000t\000a\000n\000\040\000D\000B\000\040\000h\000i\000n\000g\000g\000a\000\040\000P\000r\000e\000d\000i\000k\000s\000i\000\051}{section.2}% 5
\BOOKMARK [2][-]{subsection.2.4}{\376\377\000I\000s\000y\000a\000r\000a\000t\000\040\000P\000e\000r\000i\000l\000a\000k\000u\000\040\000K\000e\000n\000d\000a\000r\000a\000a\000n}{section.2}% 6
\BOOKMARK [2][-]{subsection.2.5}{\376\377\000B\000i\000a\000s\000\040\000P\000e\000r\000i\000l\000a\000k\000u}{section.2}% 7
\BOOKMARK [2][-]{subsection.2.6}{\376\377\000P\000e\000n\000g\000a\000r\000u\000h\000\040\000P\000a\000r\000a\000m\000e\000t\000e\000r\000\040\000S\000l\000o\000w\000\040\000G\000a\000i\000n\000\040\000d\000a\000n\000\040\000D\000r\000i\000f\000t\000\040\000G\000a\000i\000n}{section.2}% 8
\BOOKMARK [2][-]{subsection.2.7}{\376\377\000F\000u\000s\000i\000\040\000d\000a\000n\000\040\000K\000e\000p\000u\000t\000u\000s\000a\000n}{section.2}% 9
\BOOKMARK [1][-]{section.3}{\376\377\000D\000e\000t\000a\000i\000l\000\040\000F\000o\000r\000m\000u\000l\000a\000s\000i}{}% 10
\BOOKMARK [2][-]{subsection.3.1}{\376\377\000F\000o\000r\000m\000u\000l\000a\000s\000i\000\040\000P\000e\000m\000b\000u\000a\000t\000a\000n\000\040\000D\000B}{section.3}% 11
\BOOKMARK [2][-]{subsection.3.2}{\376\377\000F\000o\000r\000m\000u\000l\000a\000s\000i\000\040\000P\000r\000o\000b\000a\000b\000i\000l\000i\000t\000a\000s\000\040\000D\000a\000s\000a\000r\000\040\000p\000b\000a\000s\000e}{section.3}% 12
\BOOKMARK [2][-]{subsection.3.3}{\376\377\000P\000e\000n\000j\000a\000b\000a\000r\000a\000n\000\040\0009\000\040\000A\000r\000a\000h}{section.3}% 13
\BOOKMARK [2][-]{subsection.3.4}{\376\377\000B\000o\000b\000o\000t\000\040\000P\000e\000r\000i\000l\000a\000k\000u\000\040\000w\000s\000l\000o\000w\000\040\000d\000a\000n\000\040\000w\000d\000r\000i\000f\000t}{section.3}% 14
\BOOKMARK [2][-]{subsection.3.5}{\376\377\000F\000o\000r\000m\000u\000l\000a\000s\000i\000\040\000p\000b\000i\000a\000s}{section.3}% 15
\BOOKMARK [2][-]{subsection.3.6}{\376\377\000R\000a\000s\000i\000o\000\040\000K\000e\000c\000e\000p\000a\000t\000a\000n\000\040\000r\000v}{section.3}% 16
\BOOKMARK [2][-]{subsection.3.7}{\376\377\000S\000l\000o\000w\000\040\000G\000a\000i\000n\000\040\000g\000s}{section.3}% 17
\BOOKMARK [2][-]{subsection.3.8}{\376\377\000D\000r\000i\000f\000t\000\040\000G\000a\000i\000n\000\040\000g\000d}{section.3}% 18
\BOOKMARK [2][-]{subsection.3.9}{\376\377\000P\000e\000r\000g\000e\000s\000e\000r\000a\000n\000\040\000L\000a\000t\000e\000r\000a\000l\000\040\000l\000a\000t}{section.3}% 19
\BOOKMARK [1][-]{section.4}{\376\377\000P\000e\000m\000b\000u\000a\000t\000a\000n\000\040\000D\000a\000t\000a}{}% 20
\BOOKMARK [1][-]{section.5}{\376\377\000E\000v\000a\000l\000u\000a\000s\000i}{}% 21
\BOOKMARK [1][-]{section.6}{\376\377\000H\000a\000s\000i\000l\000\040\000d\000a\000n\000\040\000D\000i\000s\000k\000u\000s\000i}{}% 22
\BOOKMARK [2][-]{subsection.6.1}{\376\377\000P\000e\000n\000g\000u\000j\000i\000a\000n\000\040\000A\000k\000u\000r\000a\000s\000i\000\040\000\050\0004\000-\000W\000a\000y\000\051}{section.6}% 23
\BOOKMARK [2][-]{subsection.6.2}{\376\377\000P\000e\000n\000g\000u\000j\000i\000a\000n\000\040\000A\000k\000u\000r\000a\000s\000i\000\040\000\050\000T\000-\000I\000n\000t\000e\000r\000s\000e\000c\000t\000i\000o\000n\000\051}{section.6}% 24
\BOOKMARK [2][-]{subsection.6.3}{\376\377\000P\000e\000n\000g\000u\000j\000i\000a\000n\000\040\000A\000k\000u\000r\000a\000s\000i\000\040\000\050\000Y\000-\000I\000n\000t\000e\000r\000s\000e\000c\000t\000i\000o\000n\000\051}{section.6}% 25
\BOOKMARK [2][-]{subsection.6.4}{\376\377\000P\000e\000n\000g\000u\000j\000i\000a\000n\000\040\000P\000e\000n\000g\000a\000r\000u\000h\000\040\000V\000a\000r\000i\000a\000b\000e\000l}{section.6}% 26
\BOOKMARK [2][-]{subsection.6.5}{\376\377\000P\000e\000n\000g\000u\000j\000i\000a\000n\000\040\000S\000k\000e\000n\000a\000r\000i\000o\000\040\000d\000e\000n\000g\000a\000n\000\040\000L\000a\000m\000p\000u\000\040\000M\000e\000r\000a\000h}{section.6}% 27
\BOOKMARK [2][-]{subsection.6.6}{\376\377\000P\000e\000n\000g\000u\000j\000i\000a\000n\000\040\000T\000a\000n\000p\000a\000\040\000p\000b\000a\000s\000e}{section.6}% 28
\BOOKMARK [1][-]{section.7}{\376\377\000K\000e\000s\000i\000m\000p\000u\000l\000a\000n}{}% 29
